2013/12/06 22:46:19 [error] [system.db.CDbCommand] CDbCommand::execute() failed: SQLSTATE[42S02]: Base table or view not found: 1146 Table 'yii-project.yiilog' doesn't exist. The SQL statement executed was: DELETE FROM `YiiLog` WHERE 0=1.
in /Applications/MAMP/htdocs/yii-project/index.php (13)
2013/12/06 23:18:28 [error] [php] include(mpdf.php): failed to open stream: No such file or directory (/Applications/MAMP/htdocs/framework/YiiBase.php:427)
Stack trace:
#0 unknown(0): spl_autoload_call()
#1 /Applications/MAMP/htdocs/yii-project/protected/extensions/yii-pdf/EYiiPdf.php(82): ReflectionClass->__construct()
#2 /Applications/MAMP/htdocs/yii-project/protected/extensions/yii-pdf/EYiiPdf.php(105): EYiiPdf->initLibrary()
#3 /Applications/MAMP/htdocs/yii-project/protected/controllers/ExampleController.php(23): EYiiPdf->mpdf()
#4 /Applications/MAMP/htdocs/framework/web/actions/CInlineAction.php(49): ExampleController->actionMpdf()
#5 /Applications/MAMP/htdocs/framework/web/CController.php(308): CInlineAction->runWithParams()
#6 /Applications/MAMP/htdocs/framework/web/CController.php(286): ExampleController->runAction()
#7 /Applications/MAMP/htdocs/framework/web/CController.php(265): ExampleController->runActionWithFilters()
#8 /Applications/MAMP/htdocs/framework/web/CWebApplication.php(282): ExampleController->run()
#9 /Applications/MAMP/htdocs/framework/web/CWebApplication.php(141): CWebApplication->runController()
#10 /Applications/MAMP/htdocs/framework/base/CApplication.php(180): CWebApplication->processRequest()
#11 /Applications/MAMP/htdocs/yii-project/index.php(13): CWebApplication->run()
REQUEST_URI=/yii-project/example/mpdf
in /Applications/MAMP/htdocs/yii-project/protected/extensions/yii-pdf/EYiiPdf.php (82)
in /Applications/MAMP/htdocs/yii-project/protected/extensions/yii-pdf/EYiiPdf.php (105)
in /Applications/MAMP/htdocs/yii-project/protected/controllers/ExampleController.php (23)
2013/12/06 23:19:12 [error] [php] preg_replace(): The /e modifier is deprecated, use preg_replace_callback instead (/Applications/MAMP/htdocs/yii-project/protected/vendor/mpdf/includes/functions.php:96)
Stack trace:
#0 /Applications/MAMP/htdocs/yii-project/protected/vendor/mpdf/mpdf.php(12824): mPDF->purify_utf8()
#1 /Applications/MAMP/htdocs/yii-project/protected/controllers/ExampleController.php(29): mPDF->WriteHTML()
#2 /Applications/MAMP/htdocs/framework/web/actions/CInlineAction.php(49): ExampleController->actionMpdf()
#3 /Applications/MAMP/htdocs/framework/web/CController.php(308): CInlineAction->runWithParams()
#4 /Applications/MAMP/htdocs/framework/web/CController.php(286): ExampleController->runAction()
#5 /Applications/MAMP/htdocs/framework/web/CController.php(265): ExampleController->runActionWithFilters()
#6 /Applications/MAMP/htdocs/framework/web/CWebApplication.php(282): ExampleController->run()
#7 /Applications/MAMP/htdocs/framework/web/CWebApplication.php(141): CWebApplication->runController()
#8 /Applications/MAMP/htdocs/framework/base/CApplication.php(180): CWebApplication->processRequest()
#9 /Applications/MAMP/htdocs/yii-project/index.php(13): CWebApplication->run()
REQUEST_URI=/yii-project/example/mpdf
in /Applications/MAMP/htdocs/yii-project/protected/vendor/mpdf/includes/functions.php (96)
in /Applications/MAMP/htdocs/yii-project/protected/vendor/mpdf/mpdf.php (30666)
in /Applications/MAMP/htdocs/yii-project/protected/vendor/mpdf/mpdf.php (12824)
2013/12/06 23:32:03 [error] [exception.CHttpException.404] exception 'CHttpException' with message 'The system is unable to find the requested action "heightChart".' in /Applications/MAMP/htdocs/framework/web/CController.php:483
Stack trace:
#0 /Applications/MAMP/htdocs/framework/web/CController.php(270): CController->missingAction('heightChart')
#1 /Applications/MAMP/htdocs/framework/web/CWebApplication.php(282): CController->run('heightChart')
#2 /Applications/MAMP/htdocs/framework/web/CWebApplication.php(141): CWebApplication->runController('example/heightC...')
#3 /Applications/MAMP/htdocs/framework/base/CApplication.php(180): CWebApplication->processRequest()
#4 /Applications/MAMP/htdocs/yii-project/index.php(13): CApplication->run()
#5 {main}
REQUEST_URI=/yii-project/example/heightChart
---
2013/12/06 23:32:12 [error] [exception.CHttpException.404] exception 'CHttpException' with message 'The system is unable to find the requested action "heighChart".' in /Applications/MAMP/htdocs/framework/web/CController.php:483
Stack trace:
#0 /Applications/MAMP/htdocs/framework/web/CController.php(270): CController->missingAction('heighChart')
#1 /Applications/MAMP/htdocs/framework/web/CWebApplication.php(282): CController->run('heighChart')
#2 /Applications/MAMP/htdocs/framework/web/CWebApplication.php(141): CWebApplication->runController('example/heighCh...')
#3 /Applications/MAMP/htdocs/framework/base/CApplication.php(180): CWebApplication->processRequest()
#4 /Applications/MAMP/htdocs/yii-project/index.php(13): CApplication->run()
#5 {main}
REQUEST_URI=/yii-project/example/heighChart
---
2013/12/06 23:32:30 [error] [exception.CHttpException.404] exception 'CHttpException' with message 'The system is unable to find the requested action "heighChart".' in /Applications/MAMP/htdocs/framework/web/CController.php:483
Stack trace:
#0 /Applications/MAMP/htdocs/framework/web/CController.php(270): CController->missingAction('heighChart')
#1 /Applications/MAMP/htdocs/framework/web/CWebApplication.php(282): CController->run('heighChart')
#2 /Applications/MAMP/htdocs/framework/web/CWebApplication.php(141): CWebApplication->runController('example/heighCh...')
#3 /Applications/MAMP/htdocs/framework/base/CApplication.php(180): CWebApplication->processRequest()
#4 /Applications/MAMP/htdocs/yii-project/index.php(13): CApplication->run()
#5 {main}
REQUEST_URI=/yii-project/example/heighChart
---
2013/12/06 23:32:34 [error] [exception.CHttpException.404] exception 'CHttpException' with message 'The system is unable to find the requested action "heighChart".' in /Applications/MAMP/htdocs/framework/web/CController.php:483
Stack trace:
#0 /Applications/MAMP/htdocs/framework/web/CController.php(270): CController->missingAction('heighChart')
#1 /Applications/MAMP/htdocs/framework/web/CWebApplication.php(282): CController->run('heighChart')
#2 /Applications/MAMP/htdocs/framework/web/CWebApplication.php(141): CWebApplication->runController('example/heighCh...')
#3 /Applications/MAMP/htdocs/framework/base/CApplication.php(180): CWebApplication->processRequest()
#4 /Applications/MAMP/htdocs/yii-project/index.php(13): CApplication->run()
#5 {main}
REQUEST_URI=/yii-project/example/heighChart
---
2013/12/06 23:33:04 [error] [exception.CException] exception 'CException' with message 'ExampleController cannot find the requested view "highchart".' in /Applications/MAMP/htdocs/framework/web/CController.php:878
Stack trace:
#0 /Applications/MAMP/htdocs/framework/web/CController.php(782): CController->renderPartial('highchart', NULL, true)
#1 /Applications/MAMP/htdocs/yii-project/protected/controllers/ExampleController.php(14): CController->render('highchart')
#2 /Applications/MAMP/htdocs/framework/web/actions/CInlineAction.php(49): ExampleController->actionHeigchart()
#3 /Applications/MAMP/htdocs/framework/web/CController.php(308): CInlineAction->runWithParams(Array)
#4 /Applications/MAMP/htdocs/framework/web/CController.php(286): CController->runAction(Object(CInlineAction))
#5 /Applications/MAMP/htdocs/framework/web/CController.php(265): CController->runActionWithFilters(Object(CInlineAction), Array)
#6 /Applications/MAMP/htdocs/framework/web/CWebApplication.php(282): CController->run('heigchart')
#7 /Applications/MAMP/htdocs/framework/web/CWebApplication.php(141): CWebApplication->runController('example/heigcha...')
#8 /Applications/MAMP/htdocs/framework/base/CApplication.php(180): CWebApplication->processRequest()
#9 /Applications/MAMP/htdocs/yii-project/index.php(13): CApplication->run()
#10 {main}
REQUEST_URI=/yii-project/example/heigchart
---
2013/12/06 23:33:10 [error] [exception.CException] exception 'CException' with message 'ExampleController cannot find the requested view "highchart".' in /Applications/MAMP/htdocs/framework/web/CController.php:878
Stack trace:
#0 /Applications/MAMP/htdocs/framework/web/CController.php(782): CController->renderPartial('highchart', NULL, true)
#1 /Applications/MAMP/htdocs/yii-project/protected/controllers/ExampleController.php(14): CController->render('highchart')
#2 /Applications/MAMP/htdocs/framework/web/actions/CInlineAction.php(49): ExampleController->actionHeigchart()
#3 /Applications/MAMP/htdocs/framework/web/CController.php(308): CInlineAction->runWithParams(Array)
#4 /Applications/MAMP/htdocs/framework/web/CController.php(286): CController->runAction(Object(CInlineAction))
#5 /Applications/MAMP/htdocs/framework/web/CController.php(265): CController->runActionWithFilters(Object(CInlineAction), Array)
#6 /Applications/MAMP/htdocs/framework/web/CWebApplication.php(282): CController->run('heigChart')
#7 /Applications/MAMP/htdocs/framework/web/CWebApplication.php(141): CWebApplication->runController('example/heigCha...')
#8 /Applications/MAMP/htdocs/framework/base/CApplication.php(180): CWebApplication->processRequest()
#9 /Applications/MAMP/htdocs/yii-project/index.php(13): CApplication->run()
#10 {main}
REQUEST_URI=/yii-project/example/heigChart
---
2013/12/06 23:33:56 [error] [exception.CException] exception 'CException' with message 'Alias "ext.highcharts.HighchartsWidget" is invalid. Make sure it points to an existing PHP file and the file is readable.' in /Applications/MAMP/htdocs/framework/YiiBase.php:322
Stack trace:
#0 /Applications/MAMP/htdocs/framework/web/CWidgetFactory.php(146): YiiBase::import('ext.highcharts....', true)
#1 /Applications/MAMP/htdocs/framework/web/CBaseController.php(146): CWidgetFactory->createWidget(Object(ExampleController), 'ext.highcharts....', Array)
#2 /Applications/MAMP/htdocs/framework/web/CBaseController.php(172): CBaseController->createWidget('ext.highcharts....', Array)
#3 /Applications/MAMP/htdocs/yii-project/protected/views/example/heigchart.php(17): CBaseController->widget('ext.highcharts....', Array)
#4 /Applications/MAMP/htdocs/framework/web/CBaseController.php(126): require('/Applications/M...')
#5 /Applications/MAMP/htdocs/yii-project/protected/extensions/yii-debug-toolbar/components/YiiDebugViewRenderer.php(43): CBaseController->renderInternal('/Applications/M...', NULL, true)
#6 /Applications/MAMP/htdocs/framework/web/CBaseController.php(93): YiiDebugViewRenderer->renderFile(Object(ExampleController), '/Applications/M...', NULL, true)
#7 /Applications/MAMP/htdocs/framework/web/CController.php(869): CBaseController->renderFile('/Applications/M...', NULL, true)
#8 /Applications/MAMP/htdocs/framework/web/CController.php(782): CController->renderPartial('heigchart', NULL, true)
#9 /Applications/MAMP/htdocs/yii-project/protected/controllers/ExampleController.php(14): CController->render('heigchart')
#10 /Applications/MAMP/htdocs/framework/web/actions/CInlineAction.php(49): ExampleController->actionHeigchart()
#11 /Applications/MAMP/htdocs/framework/web/CController.php(308): CInlineAction->runWithParams(Array)
#12 /Applications/MAMP/htdocs/framework/web/CController.php(286): CController->runAction(Object(CInlineAction))
#13 /Applications/MAMP/htdocs/framework/web/CController.php(265): CController->runActionWithFilters(Object(CInlineAction), Array)
#14 /Applications/MAMP/htdocs/framework/web/CWebApplication.php(282): CController->run('heigChart')
#15 /Applications/MAMP/htdocs/framework/web/CWebApplication.php(141): CWebApplication->runController('example/heigCha...')
#16 /Applications/MAMP/htdocs/framework/base/CApplication.php(180): CWebApplication->processRequest()
#17 /Applications/MAMP/htdocs/yii-project/index.php(13): CApplication->run()
#18 {main}
REQUEST_URI=/yii-project/example/heigChart
---
2013/12/06 23:36:17 [error] [exception.CHttpException.404] exception 'CHttpException' with message 'The system is unable to find the requested action "heighChart".' in /Applications/MAMP/htdocs/framework/web/CController.php:483
Stack trace:
#0 /Applications/MAMP/htdocs/framework/web/CController.php(270): CController->missingAction('heighChart')
#1 /Applications/MAMP/htdocs/framework/web/CWebApplication.php(282): CController->run('heighChart')
#2 /Applications/MAMP/htdocs/framework/web/CWebApplication.php(141): CWebApplication->runController('example/heighCh...')
#3 /Applications/MAMP/htdocs/framework/base/CApplication.php(180): CWebApplication->processRequest()
#4 /Applications/MAMP/htdocs/yii-project/index.php(13): CApplication->run()
#5 {main}
REQUEST_URI=/yii-project/example/heighChart
---
2013/12/06 23:36:24 [error] [exception.CHttpException.404] exception 'CHttpException' with message 'The system is unable to find the requested action "heighChart".' in /Applications/MAMP/htdocs/framework/web/CController.php:483
Stack trace:
#0 /Applications/MAMP/htdocs/framework/web/CController.php(270): CController->missingAction('heighChart')
#1 /Applications/MAMP/htdocs/framework/web/CWebApplication.php(282): CController->run('heighChart')
#2 /Applications/MAMP/htdocs/framework/web/CWebApplication.php(141): CWebApplication->runController('example/heighCh...')
#3 /Applications/MAMP/htdocs/framework/base/CApplication.php(180): CWebApplication->processRequest()
#4 /Applications/MAMP/htdocs/yii-project/index.php(13): CApplication->run()
#5 {main}
REQUEST_URI=/yii-project/example/heighChart
---
2013/12/06 23:36:30 [error] [exception.CHttpException.404] exception 'CHttpException' with message 'The system is unable to find the requested action "highchart".' in /Applications/MAMP/htdocs/framework/web/CController.php:483
Stack trace:
#0 /Applications/MAMP/htdocs/framework/web/CController.php(270): CController->missingAction('highchart')
#1 /Applications/MAMP/htdocs/framework/web/CWebApplication.php(282): CController->run('highchart')
#2 /Applications/MAMP/htdocs/framework/web/CWebApplication.php(141): CWebApplication->runController('example/highcha...')
#3 /Applications/MAMP/htdocs/framework/base/CApplication.php(180): CWebApplication->processRequest()
#4 /Applications/MAMP/htdocs/yii-project/index.php(13): CApplication->run()
#5 {main}
REQUEST_URI=/yii-project/example/highchart
HTTP_REFERER=http://127.0.0.1/yii-project/example/
---
2013/12/06 23:37:48 [error] [exception.CHttpException.404] exception 'CHttpException' with message 'The system is unable to find the requested action "highchart".' in /Applications/MAMP/htdocs/framework/web/CController.php:483
Stack trace:
#0 /Applications/MAMP/htdocs/framework/web/CController.php(270): CController->missingAction('highchart')
#1 /Applications/MAMP/htdocs/framework/web/CWebApplication.php(282): CController->run('highchart')
#2 /Applications/MAMP/htdocs/framework/web/CWebApplication.php(141): CWebApplication->runController('example/highcha...')
#3 /Applications/MAMP/htdocs/framework/base/CApplication.php(180): CWebApplication->processRequest()
#4 /Applications/MAMP/htdocs/yii-project/index.php(13): CApplication->run()
#5 {main}
REQUEST_URI=/yii-project/example/highchart
HTTP_REFERER=http://127.0.0.1/yii-project/example/
---
2013/12/06 23:38:45 [error] [exception.CHttpException.404] exception 'CHttpException' with message 'The system is unable to find the requested action "highchart".' in /Applications/MAMP/htdocs/framework/web/CController.php:483
Stack trace:
#0 /Applications/MAMP/htdocs/framework/web/CController.php(270): CController->missingAction('highchart')
#1 /Applications/MAMP/htdocs/framework/web/CWebApplication.php(282): CController->run('highchart')
#2 /Applications/MAMP/htdocs/framework/web/CWebApplication.php(141): CWebApplication->runController('example/highcha...')
#3 /Applications/MAMP/htdocs/framework/base/CApplication.php(180): CWebApplication->processRequest()
#4 /Applications/MAMP/htdocs/yii-project/index.php(13): CApplication->run()
#5 {main}
REQUEST_URI=/yii-project/example/highchart
HTTP_REFERER=http://127.0.0.1/yii-project/example/
---
2013/12/06 23:39:31 [error] [exception.CHttpException.404] exception 'CHttpException' with message 'The system is unable to find the requested action "highchart".' in /Applications/MAMP/htdocs/framework/web/CController.php:483
Stack trace:
#0 /Applications/MAMP/htdocs/framework/web/CController.php(270): CController->missingAction('highchart')
#1 /Applications/MAMP/htdocs/framework/web/CWebApplication.php(282): CController->run('highchart')
#2 /Applications/MAMP/htdocs/framework/web/CWebApplication.php(141): CWebApplication->runController('example/highcha...')
#3 /Applications/MAMP/htdocs/framework/base/CApplication.php(180): CWebApplication->processRequest()
#4 /Applications/MAMP/htdocs/yii-project/index.php(13): CApplication->run()
#5 {main}
REQUEST_URI=/yii-project/example/highchart
HTTP_REFERER=http://127.0.0.1/yii-project/example/
---
2013/12/06 23:39:33 [error] [exception.CHttpException.404] exception 'CHttpException' with message 'The system is unable to find the requested action "heighChart".' in /Applications/MAMP/htdocs/framework/web/CController.php:483
Stack trace:
#0 /Applications/MAMP/htdocs/framework/web/CController.php(270): CController->missingAction('heighChart')
#1 /Applications/MAMP/htdocs/framework/web/CWebApplication.php(282): CController->run('heighChart')
#2 /Applications/MAMP/htdocs/framework/web/CWebApplication.php(141): CWebApplication->runController('example/heighCh...')
#3 /Applications/MAMP/htdocs/framework/base/CApplication.php(180): CWebApplication->processRequest()
#4 /Applications/MAMP/htdocs/yii-project/index.php(13): CApplication->run()
#5 {main}
REQUEST_URI=/yii-project/example/heighChart
---
2013/12/06 23:39:34 [error] [exception.CHttpException.404] exception 'CHttpException' with message 'The system is unable to find the requested action "heightChart".' in /Applications/MAMP/htdocs/framework/web/CController.php:483
Stack trace:
#0 /Applications/MAMP/htdocs/framework/web/CController.php(270): CController->missingAction('heightChart')
#1 /Applications/MAMP/htdocs/framework/web/CWebApplication.php(282): CController->run('heightChart')
#2 /Applications/MAMP/htdocs/framework/web/CWebApplication.php(141): CWebApplication->runController('example/heightC...')
#3 /Applications/MAMP/htdocs/framework/base/CApplication.php(180): CWebApplication->processRequest()
#4 /Applications/MAMP/htdocs/yii-project/index.php(13): CApplication->run()
#5 {main}
REQUEST_URI=/yii-project/example/heightChart
---
2013/12/07 21:00:43 [error] [exception.CHttpException.404] exception 'CHttpException' with message 'Unable to resolve the request "assets/a5ae8c09/js/form.js".' in /Applications/MAMP/htdocs/framework/web/CWebApplication.php:286
Stack trace:
#0 /Applications/MAMP/htdocs/framework/web/CWebApplication.php(141): CWebApplication->runController('assets/a5ae8c09...')
#1 /Applications/MAMP/htdocs/framework/base/CApplication.php(180): CWebApplication->processRequest()
#2 /Applications/MAMP/htdocs/yii-project/index.php(13): CApplication->run()
#3 {main}
REQUEST_URI=/yii-project/assets/a5ae8c09/js/form.js
HTTP_REFERER=http://127.0.0.1/yii-project/user/profileField/create
---
2013/12/07 22:44:27 [error] [system.db.CDbCommand] CDbCommand::fetchColumn() failed: SQLSTATE[42S02]: Base table or view not found: 1146 Table 'yii-project.authitem' doesn't exist. The SQL statement executed was: SELECT COUNT(*) FROM AuthItem.
in /Applications/MAMP/htdocs/yii-project/protected/modules/rights/components/RInstaller.php (180)
in /Applications/MAMP/htdocs/yii-project/protected/modules/rights/controllers/InstallController.php (43)
in /Applications/MAMP/htdocs/yii-project/index.php (13)
2013/12/07 22:44:36 [error] [system.db.CDbCommand] CDbCommand::fetchAll() failed: SQLSTATE[42S02]: Base table or view not found: 1146 Table 'yii-project.authassignment' doesn't exist. The SQL statement executed was: SELECT *
FROM `AuthAssignment`
WHERE userid=:userid. Bound with :userid='1'.
in /Applications/MAMP/htdocs/yii-project/protected/modules/rights/components/RAuthorizer.php (341)
in /Applications/MAMP/htdocs/yii-project/protected/modules/rights/components/RWebUser.php (21)
in /Applications/MAMP/htdocs/yii-project/protected/modules/user/models/UserLogin.php (57)
2013/12/07 22:44:36 [error] [exception.CDbException] exception 'CDbException' with message 'CDbCommand failed to execute the SQL statement: SQLSTATE[42S02]: Base table or view not found: 1146 Table 'yii-project.authassignment' doesn't exist. The SQL statement executed was: SELECT *
FROM `AuthAssignment`
WHERE userid=:userid. Bound with :userid='1'' in /Applications/MAMP/htdocs/framework/db/CDbCommand.php:543
Stack trace:
#0 /Applications/MAMP/htdocs/framework/db/CDbCommand.php(396): CDbCommand->queryInternal('fetchAll', Array, Array)
#1 /Applications/MAMP/htdocs/framework/web/auth/CDbAuthManager.php(337): CDbCommand->queryAll()
#2 /Applications/MAMP/htdocs/yii-project/protected/modules/rights/components/RAuthorizer.php(341): CDbAuthManager->getAuthAssignments('1')
#3 /Applications/MAMP/htdocs/yii-project/protected/modules/rights/components/RWebUser.php(21): RAuthorizer->isSuperuser('1')
#4 /Applications/MAMP/htdocs/framework/web/auth/CWebUser.php(246): RWebUser->afterLogin(false)
#5 /Applications/MAMP/htdocs/yii-project/protected/modules/user/models/UserLogin.php(57): CWebUser->login(Object(UserIdentity), 0)
#6 /Applications/MAMP/htdocs/framework/validators/CInlineValidator.php(42): UserLogin->authenticate('password', Array)
#7 /Applications/MAMP/htdocs/framework/validators/CValidator.php(213): CInlineValidator->validateAttribute(Object(UserLogin), 'password')
#8 /Applications/MAMP/htdocs/framework/base/CModel.php(159): CValidator->validate(Object(UserLogin), NULL)
#9 /Applications/MAMP/htdocs/yii-project/protected/modules/user/controllers/LoginController.php(19): CModel->validate()
#10 /Applications/MAMP/htdocs/framework/web/actions/CInlineAction.php(49): LoginController->actionLogin()
#11 /Applications/MAMP/htdocs/framework/web/CController.php(308): CInlineAction->runWithParams(Array)
#12 /Applications/MAMP/htdocs/framework/web/CController.php(286): CController->runAction(Object(CInlineAction))
#13 /Applications/MAMP/htdocs/framework/web/CController.php(265): CController->runActionWithFilters(Object(CInlineAction), Array)
#14 /Applications/MAMP/htdocs/framework/web/CWebApplication.php(282): CController->run('')
#15 /Applications/MAMP/htdocs/framework/web/CWebApplication.php(141): CWebApplication->runController('user/login')
#16 /Applications/MAMP/htdocs/framework/base/CApplication.php(180): CWebApplication->processRequest()
#17 /Applications/MAMP/htdocs/yii-project/index.php(13): CApplication->run()
#18 {main}
REQUEST_URI=/yii-project/user/login
HTTP_REFERER=http://127.0.0.1/yii-project/user/login
---
2013/12/07 22:44:49 [error] [system.db.CDbCommand] CDbCommand::fetchColumn() failed: SQLSTATE[42S02]: Base table or view not found: 1146 Table 'yii-project.authitem' doesn't exist. The SQL statement executed was: SELECT COUNT(*) FROM AuthItem.
in /Applications/MAMP/htdocs/yii-project/protected/modules/rights/components/RInstaller.php (180)
in /Applications/MAMP/htdocs/yii-project/protected/modules/rights/controllers/InstallController.php (43)
in /Applications/MAMP/htdocs/yii-project/index.php (13)
2013/12/07 22:54:42 [warning] [application] Failed to set unsafe attribute "verifyCode" of "RegistrationForm".
in /Applications/MAMP/htdocs/yii-project/protected/modules/user/controllers/RegistrationController.php (30)
in /Applications/MAMP/htdocs/yii-project/index.php (13)
2013/12/07 22:54:45 [warning] [application] Failed to set unsafe attribute "verifyCode" of "RegistrationForm".
in /Applications/MAMP/htdocs/yii-project/protected/modules/user/controllers/RegistrationController.php (30)
in /Applications/MAMP/htdocs/yii-project/index.php (13)
2013/12/07 22:54:48 [warning] [application] Failed to set unsafe attribute "verifyCode" of "RegistrationForm".
in /Applications/MAMP/htdocs/yii-project/protected/modules/user/controllers/RegistrationController.php (30)
in /Applications/MAMP/htdocs/yii-project/index.php (13)
2013/12/07 22:55:01 [warning] [application] Failed to set unsafe attribute "verifyCode" of "RegistrationForm".
in /Applications/MAMP/htdocs/yii-project/protected/modules/user/controllers/RegistrationController.php (30)
in /Applications/MAMP/htdocs/yii-project/index.php (13)
2013/12/07 22:55:03 [warning] [application] Failed to set unsafe attribute "verifyCode" of "RegistrationForm".
in /Applications/MAMP/htdocs/yii-project/protected/modules/user/controllers/RegistrationController.php (30)
in /Applications/MAMP/htdocs/yii-project/index.php (13)
2013/12/07 22:55:06 [warning] [application] Failed to set unsafe attribute "verifyCode" of "RegistrationForm".
in /Applications/MAMP/htdocs/yii-project/protected/modules/user/controllers/RegistrationController.php (30)
in /Applications/MAMP/htdocs/yii-project/index.php (13)
2013/12/07 22:55:08 [warning] [application] Failed to set unsafe attribute "verifyCode" of "RegistrationForm".
in /Applications/MAMP/htdocs/yii-project/protected/modules/user/controllers/RegistrationController.php (30)
in /Applications/MAMP/htdocs/yii-project/index.php (13)
2013/12/07 22:55:16 [warning] [application] Failed to set unsafe attribute "verifyCode" of "RegistrationForm".
in /Applications/MAMP/htdocs/yii-project/protected/modules/user/controllers/RegistrationController.php (30)
in /Applications/MAMP/htdocs/yii-project/index.php (13)
2013/12/07 22:55:31 [warning] [application] Failed to set unsafe attribute "verifyCode" of "RegistrationForm".
in /Applications/MAMP/htdocs/yii-project/protected/modules/user/controllers/RegistrationController.php (30)
in /Applications/MAMP/htdocs/yii-project/index.php (13)
2013/12/07 22:55:34 [warning] [application] Failed to set unsafe attribute "verifyCode" of "RegistrationForm".
in /Applications/MAMP/htdocs/yii-project/protected/modules/user/controllers/RegistrationController.php (30)
in /Applications/MAMP/htdocs/yii-project/index.php (13)
2013/12/07 23:09:07 [warning] [application] Failed to set unsafe attribute "verifyCode" of "RegistrationForm".
in /Applications/MAMP/htdocs/yii-project/protected/modules/user/controllers/RegistrationController.php (30)
in /Applications/MAMP/htdocs/yii-project/index.php (13)
2013/12/07 23:09:11 [warning] [application] Failed to set unsafe attribute "verifyCode" of "RegistrationForm".
in /Applications/MAMP/htdocs/yii-project/protected/modules/user/controllers/RegistrationController.php (30)
in /Applications/MAMP/htdocs/yii-project/index.php (13)
2013/12/07 23:09:19 [warning] [application] Failed to set unsafe attribute "verifyCode" of "RegistrationForm".
in /Applications/MAMP/htdocs/yii-project/protected/modules/user/controllers/RegistrationController.php (30)
in /Applications/MAMP/htdocs/yii-project/index.php (13)
2013/12/07 23:12:02 [warning] [application] Failed to set unsafe attribute "verifyCode" of "RegistrationForm".
in /Applications/MAMP/htdocs/yii-project/protected/modules/user/controllers/RegistrationController.php (30)
in /Applications/MAMP/htdocs/yii-project/index.php (13)
2013/12/07 23:12:05 [warning] [application] Failed to set unsafe attribute "verifyCode" of "RegistrationForm".
in /Applications/MAMP/htdocs/yii-project/protected/modules/user/controllers/RegistrationController.php (30)
in /Applications/MAMP/htdocs/yii-project/index.php (13)
2013/12/07 23:12:10 [warning] [application] Failed to set unsafe attribute "verifyCode" of "RegistrationForm".
in /Applications/MAMP/htdocs/yii-project/protected/modules/user/controllers/RegistrationController.php (30)
in /Applications/MAMP/htdocs/yii-project/index.php (13)
2013/12/07 23:12:14 [warning] [application] Failed to set unsafe attribute "verifyCode" of "RegistrationForm".
in /Applications/MAMP/htdocs/yii-project/protected/modules/user/controllers/RegistrationController.php (30)
in /Applications/MAMP/htdocs/yii-project/index.php (13)
2013/12/07 23:12:16 [warning] [application] Failed to set unsafe attribute "verifyCode" of "RegistrationForm".
in /Applications/MAMP/htdocs/yii-project/protected/modules/user/controllers/RegistrationController.php (30)
in /Applications/MAMP/htdocs/yii-project/index.php (13)
2013/12/07 23:12:25 [warning] [application] Failed to set unsafe attribute "verifyCode" of "RegistrationForm".
in /Applications/MAMP/htdocs/yii-project/protected/modules/user/controllers/RegistrationController.php (30)
in /Applications/MAMP/htdocs/yii-project/index.php (13)
2013/12/07 23:15:58 [warning] [application] Failed to set unsafe attribute "verifyCode" of "RegistrationForm".
in /Applications/MAMP/htdocs/yii-project/protected/modules/user/controllers/RegistrationController.php (30)
in /Applications/MAMP/htdocs/yii-project/index.php (13)
2013/12/07 23:16:01 [warning] [application] Failed to set unsafe attribute "verifyCode" of "RegistrationForm".
in /Applications/MAMP/htdocs/yii-project/protected/modules/user/controllers/RegistrationController.php (30)
in /Applications/MAMP/htdocs/yii-project/index.php (13)
2013/12/07 23:16:18 [warning] [application] Failed to set unsafe attribute "verifyCode" of "RegistrationForm".
in /Applications/MAMP/htdocs/yii-project/protected/modules/user/controllers/RegistrationController.php (30)
in /Applications/MAMP/htdocs/yii-project/index.php (13)
2013/12/07 23:22:37 [warning] [application] Failed to set unsafe attribute "verifyCode" of "RegistrationForm".
in /Applications/MAMP/htdocs/yii-project/protected/modules/user/controllers/RegistrationController.php (30)
in /Applications/MAMP/htdocs/yii-project/index.php (13)
2013/12/07 23:22:40 [warning] [application] Failed to set unsafe attribute "verifyCode" of "RegistrationForm".
in /Applications/MAMP/htdocs/yii-project/protected/modules/user/controllers/RegistrationController.php (30)
in /Applications/MAMP/htdocs/yii-project/index.php (13)
2013/12/07 23:22:46 [warning] [application] Failed to set unsafe attribute "verifyCode" of "RegistrationForm".
in /Applications/MAMP/htdocs/yii-project/protected/modules/user/controllers/RegistrationController.php (30)
in /Applications/MAMP/htdocs/yii-project/index.php (13)
2013/12/07 23:23:18 [warning] [application] Failed to set unsafe attribute "verifyCode" of "RegistrationForm".
in /Applications/MAMP/htdocs/yii-project/protected/modules/user/controllers/RegistrationController.php (30)
in /Applications/MAMP/htdocs/yii-project/index.php (13)
2013/12/07 23:23:25 [warning] [application] Failed to set unsafe attribute "verifyCode" of "RegistrationForm".
in /Applications/MAMP/htdocs/yii-project/protected/modules/user/controllers/RegistrationController.php (30)
in /Applications/MAMP/htdocs/yii-project/index.php (13)
2013/12/07 23:23:27 [warning] [application] Failed to set unsafe attribute "verifyCode" of "RegistrationForm".
in /Applications/MAMP/htdocs/yii-project/protected/modules/user/controllers/RegistrationController.php (30)
in /Applications/MAMP/htdocs/yii-project/index.php (13)
2013/12/07 23:23:33 [warning] [application] Failed to set unsafe attribute "verifyCode" of "RegistrationForm".
in /Applications/MAMP/htdocs/yii-project/protected/modules/user/controllers/RegistrationController.php (30)
in /Applications/MAMP/htdocs/yii-project/index.php (13)
2013/12/07 23:35:01 [warning] [application] Failed to set unsafe attribute "verifyCode" of "RegistrationForm".
in /Applications/MAMP/htdocs/yii-project/protected/modules/user/controllers/RegistrationController.php (30)
in /Applications/MAMP/htdocs/yii-project/index.php (13)
2013/12/07 23:35:04 [warning] [application] Failed to set unsafe attribute "verifyCode" of "RegistrationForm".
in /Applications/MAMP/htdocs/yii-project/protected/modules/user/controllers/RegistrationController.php (30)
in /Applications/MAMP/htdocs/yii-project/index.php (13)
2013/12/07 23:35:09 [warning] [application] Failed to set unsafe attribute "verifyCode" of "RegistrationForm".
in /Applications/MAMP/htdocs/yii-project/protected/modules/user/controllers/RegistrationController.php (30)
in /Applications/MAMP/htdocs/yii-project/index.php (13)
2013/12/07 23:52:06 [warning] [application] Failed to set unsafe attribute "verifyCode" of "RegistrationForm".
in /Applications/MAMP/htdocs/yii-project/protected/modules/user/controllers/RegistrationController.php (30)
in /Applications/MAMP/htdocs/yii-project/index.php (13)
2013/12/07 23:52:08 [warning] [application] Failed to set unsafe attribute "verifyCode" of "RegistrationForm".
in /Applications/MAMP/htdocs/yii-project/protected/modules/user/controllers/RegistrationController.php (30)
in /Applications/MAMP/htdocs/yii-project/index.php (13)
2013/12/07 23:52:09 [warning] [application] Failed to set unsafe attribute "verifyCode" of "RegistrationForm".
in /Applications/MAMP/htdocs/yii-project/protected/modules/user/controllers/RegistrationController.php (30)
in /Applications/MAMP/htdocs/yii-project/index.php (13)
2013/12/07 23:52:09 [warning] [application] Failed to set unsafe attribute "verifyCode" of "RegistrationForm".
in /Applications/MAMP/htdocs/yii-project/protected/modules/user/controllers/RegistrationController.php (30)
in /Applications/MAMP/htdocs/yii-project/index.php (13)
2013/12/07 23:52:09 [warning] [application] Failed to set unsafe attribute "verifyCode" of "RegistrationForm".
in /Applications/MAMP/htdocs/yii-project/protected/modules/user/controllers/RegistrationController.php (30)
in /Applications/MAMP/htdocs/yii-project/index.php (13)
2013/12/07 23:52:09 [warning] [application] Failed to set unsafe attribute "verifyCode" of "RegistrationForm".
in /Applications/MAMP/htdocs/yii-project/protected/modules/user/controllers/RegistrationController.php (30)
in /Applications/MAMP/htdocs/yii-project/index.php (13)
2013/12/07 23:52:10 [warning] [application] Failed to set unsafe attribute "verifyCode" of "RegistrationForm".
in /Applications/MAMP/htdocs/yii-project/protected/modules/user/controllers/RegistrationController.php (30)
in /Applications/MAMP/htdocs/yii-project/index.php (13)
2013/12/07 23:52:14 [warning] [application] Failed to set unsafe attribute "verifyCode" of "RegistrationForm".
in /Applications/MAMP/htdocs/yii-project/protected/modules/user/controllers/RegistrationController.php (30)
in /Applications/MAMP/htdocs/yii-project/index.php (13)
2013/12/07 23:52:15 [warning] [application] Failed to set unsafe attribute "verifyCode" of "RegistrationForm".
in /Applications/MAMP/htdocs/yii-project/protected/modules/user/controllers/RegistrationController.php (30)
in /Applications/MAMP/htdocs/yii-project/index.php (13)
2013/12/07 23:52:17 [warning] [application] Failed to set unsafe attribute "verifyCode" of "RegistrationForm".
in /Applications/MAMP/htdocs/yii-project/protected/modules/user/controllers/RegistrationController.php (30)
in /Applications/MAMP/htdocs/yii-project/index.php (13)
2013/12/07 23:52:20 [warning] [application] Failed to set unsafe attribute "verifyCode" of "RegistrationForm".
in /Applications/MAMP/htdocs/yii-project/protected/modules/user/controllers/RegistrationController.php (30)
in /Applications/MAMP/htdocs/yii-project/index.php (13)
2013/12/07 23:52:21 [warning] [application] Failed to set unsafe attribute "verifyCode" of "RegistrationForm".
in /Applications/MAMP/htdocs/yii-project/protected/modules/user/controllers/RegistrationController.php (30)
in /Applications/MAMP/htdocs/yii-project/index.php (13)
2013/12/07 23:52:24 [warning] [application] Failed to set unsafe attribute "verifyCode" of "RegistrationForm".
in /Applications/MAMP/htdocs/yii-project/protected/modules/user/controllers/RegistrationController.php (30)
in /Applications/MAMP/htdocs/yii-project/index.php (13)
2013/12/07 23:52:35 [warning] [application] Failed to set unsafe attribute "verifyCode" of "RegistrationForm".
in /Applications/MAMP/htdocs/yii-project/protected/modules/user/controllers/RegistrationController.php (30)
in /Applications/MAMP/htdocs/yii-project/index.php (13)
2013/12/07 23:52:43 [warning] [application] Failed to set unsafe attribute "verifyCode" of "RegistrationForm".
in /Applications/MAMP/htdocs/yii-project/protected/modules/user/controllers/RegistrationController.php (30)
in /Applications/MAMP/htdocs/yii-project/index.php (13)
2013/12/07 23:55:36 [warning] [application] Failed to set unsafe attribute "verifyCode" of "RegistrationForm".
in /Applications/MAMP/htdocs/yii-project/protected/modules/user/controllers/RegistrationController.php (30)
in /Applications/MAMP/htdocs/yii-project/index.php (13)
2013/12/07 23:55:41 [warning] [application] Failed to set unsafe attribute "verifyCode" of "RegistrationForm".
in /Applications/MAMP/htdocs/yii-project/protected/modules/user/controllers/RegistrationController.php (30)
in /Applications/MAMP/htdocs/yii-project/index.php (13)
2013/12/07 23:55:46 [warning] [application] Failed to set unsafe attribute "verifyCode" of "RegistrationForm".
in /Applications/MAMP/htdocs/yii-project/protected/modules/user/controllers/RegistrationController.php (30)
in /Applications/MAMP/htdocs/yii-project/index.php (13)
2013/12/07 23:56:59 [warning] [application] Failed to set unsafe attribute "verifyCode" of "RegistrationForm".
in /Applications/MAMP/htdocs/yii-project/protected/modules/user/controllers/RegistrationController.php (30)
in /Applications/MAMP/htdocs/yii-project/index.php (13)
2013/12/07 23:57:01 [warning] [application] Failed to set unsafe attribute "verifyCode" of "RegistrationForm".
in /Applications/MAMP/htdocs/yii-project/protected/modules/user/controllers/RegistrationController.php (30)
in /Applications/MAMP/htdocs/yii-project/index.php (13)
2013/12/07 23:57:04 [warning] [application] Failed to set unsafe attribute "verifyCode" of "RegistrationForm".
in /Applications/MAMP/htdocs/yii-project/protected/modules/user/controllers/RegistrationController.php (30)
in /Applications/MAMP/htdocs/yii-project/index.php (13)
2013/12/07 23:57:09 [warning] [application] Failed to set unsafe attribute "verifyCode" of "RegistrationForm".
in /Applications/MAMP/htdocs/yii-project/protected/modules/user/controllers/RegistrationController.php (30)
in /Applications/MAMP/htdocs/yii-project/index.php (13)
2013/12/07 23:57:10 [warning] [application] Failed to set unsafe attribute "verifyCode" of "RegistrationForm".
in /Applications/MAMP/htdocs/yii-project/protected/modules/user/controllers/RegistrationController.php (30)
in /Applications/MAMP/htdocs/yii-project/index.php (13)
2013/12/07 23:57:14 [warning] [application] Failed to set unsafe attribute "verifyCode" of "RegistrationForm".
in /Applications/MAMP/htdocs/yii-project/protected/modules/user/controllers/RegistrationController.php (30)
in /Applications/MAMP/htdocs/yii-project/index.php (13)
2013/12/07 23:57:21 [warning] [application] Failed to set unsafe attribute "verifyCode" of "RegistrationForm".
in /Applications/MAMP/htdocs/yii-project/protected/modules/user/controllers/RegistrationController.php (30)
in /Applications/MAMP/htdocs/yii-project/index.php (13)
2013/12/08 00:08:23 [warning] [application] Failed to set unsafe attribute "verifyCode" of "RegistrationForm".
in /Applications/MAMP/htdocs/yii-project/protected/modules/user/controllers/RegistrationController.php (30)
in /Applications/MAMP/htdocs/yii-project/index.php (13)
2013/12/08 00:08:24 [warning] [application] Failed to set unsafe attribute "verifyCode" of "RegistrationForm".
in /Applications/MAMP/htdocs/yii-project/protected/modules/user/controllers/RegistrationController.php (30)
in /Applications/MAMP/htdocs/yii-project/index.php (13)
2013/12/08 00:08:26 [warning] [application] Failed to set unsafe attribute "verifyCode" of "RegistrationForm".
in /Applications/MAMP/htdocs/yii-project/protected/modules/user/controllers/RegistrationController.php (30)
in /Applications/MAMP/htdocs/yii-project/index.php (13)
2013/12/08 00:08:29 [warning] [application] Failed to set unsafe attribute "verifyCode" of "RegistrationForm".
in /Applications/MAMP/htdocs/yii-project/protected/modules/user/controllers/RegistrationController.php (30)
in /Applications/MAMP/htdocs/yii-project/index.php (13)
2013/12/08 00:08:32 [warning] [application] Failed to set unsafe attribute "verifyCode" of "RegistrationForm".
in /Applications/MAMP/htdocs/yii-project/protected/modules/user/controllers/RegistrationController.php (30)
in /Applications/MAMP/htdocs/yii-project/index.php (13)
2013/12/08 00:08:34 [warning] [application] Failed to set unsafe attribute "verifyCode" of "RegistrationForm".
in /Applications/MAMP/htdocs/yii-project/protected/modules/user/controllers/RegistrationController.php (30)
in /Applications/MAMP/htdocs/yii-project/index.php (13)
2013/12/08 00:08:38 [warning] [application] Failed to set unsafe attribute "verifyCode" of "RegistrationForm".
in /Applications/MAMP/htdocs/yii-project/protected/modules/user/controllers/RegistrationController.php (30)
in /Applications/MAMP/htdocs/yii-project/index.php (13)
